<?xml version="1.0" encoding="UTF-8"?>
<!-- Generated by org.testng.reporters.JUnitReportReporter -->
<testsuite hostname="DESKTOP-UE12B8S" failures="0" tests="6" name="HW1.AddTest" time="0.003" errors="0" timestamp="2021-03-19T15:05:25 MSK" skipped="0">
  <testcase classname="HW1.AddTest" name="testAddLong" time="0.000"/>
  <system-out/>
  <testcase classname="HW1.AddTest" name="testAddDouble" time="0.000"/>
  <system-out/>
  <testcase classname="HW1.AddTest" name="testAddLong" time="0.000"/>
  <system-out/>
  <testcase classname="HW1.AddTest" name="testAddLong" time="0.000"/>
  <system-out/>
  <testcase classname="HW1.AddTest" name="testAddDouble" time="0.000"/>
  <system-out/>
  <testcase classname="HW1.AddTest" name="testAddDouble" time="0.003"/>
  <system-out/>
</testsuite> <!-- HW1.AddTest -->
