<?xml version="1.0" encoding="UTF-8"?>
<!-- Generated by org.testng.reporters.JUnitReportReporter -->
<testsuite hostname="DESKTOP-UE12B8S" failures="0" tests="10" name="HW1.SubTest" time="0.001" errors="0" timestamp="2021-03-19T15:05:25 MSK" skipped="0">
  <testcase classname="HW1.SubTest" name="testSubLong" time="0.000"/>
  <system-out/>
  <testcase classname="HW1.SubTest" name="testSubLong" time="0.000"/>
  <system-out/>
  <testcase classname="HW1.SubTest" name="testSubDouble" time="0.001"/>
  <system-out/>
  <testcase classname="HW1.SubTest" name="testSubLong" time="0.000"/>
  <system-out/>
  <testcase classname="HW1.SubTest" name="testSubDouble" time="0.000"/>
  <system-out/>
  <testcase classname="HW1.SubTest" name="testSubDouble" time="0.000"/>
  <system-out/>
  <testcase classname="HW1.SubTest" name="testSubDouble" time="0.000"/>
  <system-out/>
  <testcase classname="HW1.SubTest" name="testSubDouble" time="0.000"/>
  <system-out/>
  <testcase classname="HW1.SubTest" name="testSubLong" time="0.000"/>
  <system-out/>
  <testcase classname="HW1.SubTest" name="testSubLong" time="0.000"/>
  <system-out/>
</testsuite> <!-- HW1.SubTest -->
