<?xml version="1.0" encoding="UTF-8"?>
<!-- Generated by org.testng.reporters.JUnitReportReporter -->
<testsuite hostname="DESKTOP-UE12B8S" failures="0" tests="2" name="hw3.RunTestEx2" time="15.207" errors="0" timestamp="2021-05-01T00:28:03 MSK" skipped="0">
  <testcase classname="hw3.RunTestEx2" name="runScenario" time="7.150"/>
  <system-out/>
  <testcase classname="hw3.RunTestEx2" name="runScenario" time="8.057"/>
  <system-out/>
</testsuite> <!-- hw3.RunTestEx2 -->
